# JRE version: Java(TM) SE Runtime Environment (8.0_05-b13) (build 1.8.0_05-b13)
# Java VM: Java HotSpot(TM) 64-Bit Server VM (25.5-b02 mixed mode windows-amd64 compressed oops)
Heap:
 def new generation   total 1152K, used 295K [0x00000000a2400000, 0x00000000a2540000, 0x00000000c1800000)
  eden space 1024K,  23% used [0x00000000a2400000, 0x00000000a2441600, 0x00000000a2500000)
  from space 128K,  42% used [0x00000000a2520000, 0x00000000a252db80, 0x00000000a2540000)
  to   space 128K,   0% used [0x00000000a2500000, 0x00000000a2500000, 0x00000000a2520000)
 tenured generation   total 121600K, used 13269K [0x00000000c1800000, 0x00000000c8ec0000, 0x0000000100000000)
   the space 121600K,  10% used [0x00000000c1800000, 0x00000000c24f5500, 0x00000000c24f5600, 0x00000000c8ec0000)
 Metaspace       used 11850K, capacity 12192K, committed 12288K, reserved 1060864K
  class space    used 1375K, capacity 1456K, committed 1536K, reserved 1048576K
GC Heap History (10 events):
Event: 3.738 GC heap before
{Heap before GC invocations=146 (full 0):
 def new generation   total 1152K, used 1135K [0x00000000a2400000, 0x00000000a2540000, 0x00000000c1800000)
  eden space 1024K, 100% used [0x00000000a2400000, 0x00000000a2500000, 0x00000000a2500000)
  from space 128K,  87% used [0x00000000a2500000, 0x00000000a251be78, 0x00000000a2520000)
  to   space 128K,   0% used [0x00000000a2520000, 0x00000000a2520000, 0x00000000a2540000)
 tenured generation   total 121600K, used 11279K [0x00000000c1800000, 0x00000000c8ec0000, 0x0000000100000000)
   the space 121600K,   9% used [0x00000000c1800000, 0x00000000c2303dc0, 0x00000000c2303e00, 0x00000000c8ec0000)
 Metaspace       used 11767K, capacity 12096K, committed 12288K, reserved 1060864K
  class space    used 1368K, capacity 1424K, committed 1536K, reserved 1048576K
Event: 3.741 GC heap after
Heap after GC invocations=147 (full 0):
 def new generation   total 1152K, used 128K [0x00000000a2400000, 0x00000000a2540000, 0x00000000c1800000)
  eden space 1024K,   0% used [0x00000000a2400000, 0x00000000a2400000, 0x00000000a2500000)
  from space 128K, 100% used [0x00000000a2520000, 0x00000000a2540000, 0x00000000a2540000)
  to   space 128K,   0% used [0x00000000a2500000, 0x00000000a2500000, 0x00000000a2520000)
 tenured generation   total 121600K, used 11356K [0x00000000c1800000, 0x00000000c8ec0000, 0x0000000100000000)
   the space 121600K,   9% used [0x00000000c1800000, 0x00000000c23171c0, 0x00000000c2317200, 0x00000000c8ec0000)
 Metaspace       used 11767K, capacity 12096K, committed 12288K, reserved 1060864K
  class space    used 1368K, capacity 1424K, committed 1536K, reserved 1048576K
}
Event: 3.758 GC heap before
{Heap before GC invocations=147 (full 0):
 def new generation   total 1152K, used 1152K [0x00000000a2400000, 0x00000000a2540000, 0x00000000c1800000)
  eden space 1024K, 100% used [0x00000000a2400000, 0x00000000a2500000, 0x00000000a2500000)
  from space 128K, 100% used [0x00000000a2520000, 0x00000000a2540000, 0x00000000a2540000)
  to   space 128K,   0% used [0x00000000a2500000, 0x00000000a2500000, 0x00000000a2520000)
 tenured generation   total 121600K, used 11356K [0x00000000c1800000, 0x00000000c8ec0000, 0x0000000100000000)
   the space 121600K,   9% used [0x00000000c1800000, 0x00000000c23171c0, 0x00000000c2317200, 0x00000000c8ec0000)
 Metaspace       used 11810K, capacity 12128K, committed 12288K, reserved 1060864K
  class space    used 1375K, capacity 1456K, committed 1536K, reserved 1048576K
Event: 3.760 GC heap after
Heap after GC invocations=148 (full 0):
 def new generation   total 1152K, used 109K [0x00000000a2400000, 0x00000000a2540000, 0x00000000c1800000)
  eden space 1024K,   0% used [0x00000000a2400000, 0x00000000a2400000, 0x00000000a2500000)
  from space 128K,  85% used [0x00000000a2500000, 0x00000000a251b580, 0x00000000a2520000)
  to   space 128K,   0% used [0x00000000a2520000, 0x00000000a2520000, 0x00000000a2540000)
 tenured generation   total 121600K, used 11477K [0x00000000c1800000, 0x00000000c8ec0000, 0x0000000100000000)
   the space 121600K,   9% used [0x00000000c1800000, 0x00000000c23355d8, 0x00000000c2335600, 0x00000000c8ec0000)
 Metaspace       used 11810K, capacity 12128K, committed 12288K, reserved 1060864K
  class space    used 1375K, capacity 1456K, committed 1536K, reserved 1048576K
}
Event: 3.775 GC heap before
{Heap before GC invocations=148 (full 0):
 def new generation   total 1152K, used 1133K [0x00000000a2400000, 0x00000000a2540000, 0x00000000c1800000)
  eden space 1024K, 100% used [0x00000000a2400000, 0x00000000a2500000, 0x00000000a2500000)
  from space 128K,  85% used [0x00000000a2500000, 0x00000000a251b580, 0x00000000a2520000)
  to   space 128K,   0% used [0x00000000a2520000, 0x00000000a2520000, 0x00000000a2540000)
 tenured generation   total 121600K, used 11477K [0x00000000c1800000, 0x00000000c8ec0000, 0x0000000100000000)
   the space 121600K,   9% used [0x00000000c1800000, 0x00000000c23355d8, 0x00000000c2335600, 0x00000000c8ec0000)
 Metaspace       used 11811K, capacity 12128K, committed 12288K, reserved 1060864K
  class space    used 1375K, capacity 1456K, committed 1536K, reserved 1048576K
Event: 3.778 GC heap after
Heap after GC invocations=149 (full 0):
 def new generation   total 1152K, used 127K [0x00000000a2400000, 0x00000000a2540000, 0x00000000c1800000)
  eden space 1024K,   0% used [0x00000000a2400000, 0x00000000a2400000, 0x00000000a2500000)
  from space 128K,  99% used [0x00000000a2520000, 0x00000000a253fff8, 0x00000000a2540000)
  to   space 128K,   0% used [0x00000000a2500000, 0x00000000a2500000, 0x00000000a2520000)
 tenured generation   total 121600K, used 11550K [0x00000000c1800000, 0x00000000c8ec0000, 0x0000000100000000)
   the space 121600K,   9% used [0x00000000c1800000, 0x00000000c2347b20, 0x00000000c2347c00, 0x00000000c8ec0000)
 Metaspace       used 11811K, capacity 12128K, committed 12288K, reserved 1060864K
  class space    used 1375K, capacity 1456K, committed 1536K, reserved 1048576K
}
Event: 3.791 GC heap before
{Heap before GC invocations=149 (full 0):
 def new generation   total 1152K, used 1151K [0x00000000a2400000, 0x00000000a2540000, 0x00000000c1800000)
  eden space 1024K, 100% used [0x00000000a2400000, 0x00000000a2500000, 0x00000000a2500000)
  from space 128K,  99% used [0x00000000a2520000, 0x00000000a253fff8, 0x00000000a2540000)
  to   space 128K,   0% used [0x00000000a2500000, 0x00000000a2500000, 0x00000000a2520000)
 tenured generation   total 121600K, used 11550K [0x00000000c1800000, 0x00000000c8ec0000, 0x0000000100000000)
   the space 121600K,   9% used [0x00000000c1800000, 0x00000000c2347b20, 0x00000000c2347c00, 0x00000000c8ec0000)
 Metaspace       used 11811K, capacity 12128K, committed 12288K, reserved 1060864K
  class space    used 1375K, capacity 1456K, committed 1536K, reserved 1048576K
Event: 3.793 GC heap after
Heap after GC invocations=150 (full 0):
 def new generation   total 1152K, used 73K [0x00000000a2400000, 0x00000000a2540000, 0x00000000c1800000)
  eden space 1024K,   0% used [0x00000000a2400000, 0x00000000a2400000, 0x00000000a2500000)
  from space 128K,  57% used [0x00000000a2500000, 0x00000000a25126a8, 0x00000000a2520000)
  to   space 128K,   0% used [0x00000000a2520000, 0x00000000a2520000, 0x00000000a2540000)
 tenured generation   total 121600K, used 11626K [0x00000000c1800000, 0x00000000c8ec0000, 0x0000000100000000)
   the space 121600K,   9% used [0x00000000c1800000, 0x00000000c235aba0, 0x00000000c235ac00, 0x00000000c8ec0000)
 Metaspace       used 11811K, capacity 12128K, committed 12288K, reserved 1060864K
  class space    used 1375K, capacity 1456K, committed 1536K, reserved 1048576K
}
Event: 3.810 GC heap before
{Heap before GC invocations=150 (full 0):
 def new generation   total 1152K, used 1097K [0x00000000a2400000, 0x00000000a2540000, 0x00000000c1800000)
  eden space 1024K, 100% used [0x00000000a2400000, 0x00000000a2500000, 0x00000000a2500000)
  from space 128K,  57% used [0x00000000a2500000, 0x00000000a25126a8, 0x00000000a2520000)
  to   space 128K,   0% used [0x00000000a2520000, 0x00000000a2520000, 0x00000000a2540000)
 tenured generation   total 121600K, used 11626K [0x00000000c1800000, 0x00000000c8ec0000, 0x0000000100000000)
   the space 121600K,   9% used [0x00000000c1800000, 0x00000000c235aba0, 0x00000000c235ac00, 0x00000000c8ec0000)
 Metaspace       used 11811K, capacity 12128K, committed 12288K, reserved 1060864K
  class space    used 1375K, capacity 1456K, committed 1536K, reserved 1048576K
Event: 3.812 GC heap after
Heap after GC invocations=151 (full 0):
 def new generation   total 1152K, used 128K [0x00000000a2400000, 0x00000000a2540000, 0x00000000c1800000)
  eden space 1024K,   0% used [0x00000000a2400000, 0x00000000a2400000, 0x00000000a2500000)
  from space 128K, 100% used [0x00000000a2520000, 0x00000000a2540000, 0x00000000a2540000)
  to   space 128K,   0% used [0x00000000a2500000, 0x00000000a2500000, 0x00000000a2520000)
 tenured generation   total 121600K, used 11680K [0x00000000c1800000, 0x00000000c8ec0000, 0x0000000100000000)
   the space 121600K,   9% used [0x00000000c1800000, 0x00000000c2368370, 0x00000000c2368400, 0x00000000c8ec0000)
 Metaspace       used 11811K, capacity 12128K, committed 12288K, reserved 1060864K
  class space    used 1375K, capacity 1456K, committed 1536K, reserved 1048576K
}

